<?xml version="1.0" encoding="UTF-8"?>
<!-- Generated by org.testng.reporters.JUnitReportReporter -->
<testsuite hostname="Ganesh" failures="0" tests="1" name="pomDemo.LoginTest" time="7.736" errors="0" timestamp="2023-01-23T12:08:35 IST" skipped="0">
  <testcase classname="pomDemo.LoginTest" name="A" time="7.736"/>
  <system-out/>
</testsuite> <!-- pomDemo.LoginTest -->
