<?xml version="1.0" encoding="UTF-8"?>
<!-- Generated by org.testng.reporters.JUnitReportReporter -->
<testsuite hostname="Ganesh" failures="0" tests="1" name="pomDemo.LoginTest" time="13.553" errors="0" timestamp="2023-01-23T18:15:38 IST" skipped="0">
  <testcase classname="pomDemo.LoginTest" name="A" time="13.553"/>
  <system-out/>
</testsuite> <!-- pomDemo.LoginTest -->
