<?xml version="1.0" encoding="UTF-8"?>
<!-- Generated by org.testng.reporters.JUnitReportReporter -->
<testsuite hostname="Ganesh" failures="0" tests="3" name="pomDemo.Demo1" time="0.018" errors="0" timestamp="2023-01-23T18:13:25 IST" skipped="0">
  <testcase classname="pomDemo.Demo1" name="c" time="0.002"/>
  <system-out/>
  <testcase classname="pomDemo.Demo1" name="B" time="0.005"/>
  <system-out/>
  <testcase classname="pomDemo.Demo1" name="F" time="0.011"/>
  <system-out/>
</testsuite> <!-- pomDemo.Demo1 -->
