<?xml version="1.0" encoding="UTF-8"?>
<!-- Generated by org.testng.reporters.JUnitReportReporter -->
<testsuite hostname="Ganesh" failures="0" tests="2" name="pomDemo.Demo1" time="0.006" errors="0" timestamp="2023-01-23T17:59:48 IST" skipped="0">
  <testcase classname="pomDemo.Demo1" name="c" time="0.004"/>
  <system-out/>
  <testcase classname="pomDemo.Demo1" name="B" time="0.002"/>
  <system-out/>
</testsuite> <!-- pomDemo.Demo1 -->
