<?xml version="1.0" encoding="UTF-8"?>
<!-- Generated by org.testng.reporters.JUnitReportReporter -->
<testsuite hostname="Ganesh" failures="0" tests="1" name="pomDemo.Demo2" time="0.003" errors="0" timestamp="2023-01-23T17:52:58 IST" skipped="0">
  <testcase classname="pomDemo.Demo2" name="B" time="0.003"/>
  <system-out/>
</testsuite> <!-- pomDemo.Demo2 -->
