<?xml version="1.0" encoding="UTF-8"?>
<!-- Generated by org.testng.reporters.JUnitReportReporter -->
<testsuite hostname="Ganesh" failures="0" tests="4" name="pomDemo.Demo" time="0.015" errors="0" timestamp="2023-01-23T17:52:58 IST" skipped="0">
  <testcase classname="pomDemo.Demo" name="c" time="0.004"/>
  <system-out/>
  <testcase classname="pomDemo.Demo" name="e" time="0.005"/>
  <system-out/>
  <testcase classname="pomDemo.Demo" name="B" time="0.003"/>
  <system-out/>
  <testcase classname="pomDemo.Demo" name="d" time="0.003"/>
  <system-out/>
</testsuite> <!-- pomDemo.Demo -->
